0 info it worked if it ends with ok
1 verbose cli [ 'C:\\Program Files\\nodejs\\node.exe',
1 verbose cli   'C:\\Program Files\\nodejs\\node_modules\\npm\\bin\\npm-cli.js',
1 verbose cli   'uninstall',
1 verbose cli   'bulma' ]
2 info using npm@3.10.8
3 info using node@v6.9.1
4 silly loadCurrentTree Starting
5 silly install loadCurrentTree
6 silly install readLocalPackageData
7 silly install normalizeTree
8 silly loadCurrentTree Finishing
9 silly loadIdealTree Starting
10 silly install loadIdealTree
11 silly cloneCurrentTree Starting
12 silly install cloneCurrentTreeToIdealTree
13 silly cloneCurrentTree Finishing
14 silly loadShrinkwrap Starting
15 silly install loadShrinkwrap
16 silly loadShrinkwrap Finishing
17 silly loadAllDepsIntoIdealTree Starting
18 silly uninstall loadAllDepsIntoIdealtree
19 silly loadAllDepsIntoIdealTree Finishing
20 silly loadIdealTree Finishing
21 silly currentTree goindome@1.0.0
21 silly currentTree `-- bulma@0.5.2
22 silly idealTree goindome@1.0.0
23 silly generateActionsToTake Starting
24 silly install generateActionsToTake
25 silly generateActionsToTake Finishing
26 silly diffTrees action count 1
27 silly diffTrees remove bulma@0.5.2
28 silly decomposeActions action count 1
29 silly decomposeActions remove bulma@0.5.2
30 silly runTopLevelLifecycles Starting
31 silly executeActions Starting
32 silly install executeActions
33 silly doSerial global-install 0
34 silly doParallel fetch 0
35 verbose correctMkdir C:\Users\phlud_000\AppData\Roaming\npm-cache\_locks correctMkdir not in flight; initializing
36 verbose lock using C:\Users\phlud_000\AppData\Roaming\npm-cache\_locks\staging-ecd4d4297a08a145.lock for c:\XAMPP\htdocs\goindome\node_modules\.staging
37 silly doParallel extract 0
38 silly doParallel preinstall 0
39 silly doReverseSerial remove 1
40 silly remove c:\XAMPP\htdocs\goindome\node_modules\bulma
41 verbose unbuild node_modules\bulma
42 info lifecycle bulma@0.5.2~preuninstall: bulma@0.5.2
43 silly lifecycle bulma@0.5.2~preuninstall: no script for preuninstall, continuing
44 info lifecycle bulma@0.5.2~uninstall: bulma@0.5.2
45 silly lifecycle bulma@0.5.2~uninstall: no script for uninstall, continuing
46 verbose unbuild rmStuff bulma@0.5.2 from c:\XAMPP\htdocs\goindome\node_modules
47 info lifecycle bulma@0.5.2~postuninstall: bulma@0.5.2
48 silly lifecycle bulma@0.5.2~postuninstall: no script for postuninstall, continuing
49 silly gentlyRm c:\XAMPP\htdocs\goindome\node_modules\bulma is being purged from base c:\XAMPP\htdocs\goindome
50 verbose gentlyRm don't care about contents; nuking c:\XAMPP\htdocs\goindome\node_modules\bulma
51 silly vacuum-fs purging c:\XAMPP\htdocs\goindome\node_modules\bulma
52 verbose unlock done using C:\Users\phlud_000\AppData\Roaming\npm-cache\_locks\staging-ecd4d4297a08a145.lock for c:\XAMPP\htdocs\goindome\node_modules\.staging
53 silly rollbackFailedOptional Starting
54 silly rollbackFailedOptional Finishing
55 silly runTopLevelLifecycles Finishing
56 silly install printInstalled
57 warn goindome@1.0.0 No description
58 verbose If you need help, you may report this error at:
58 verbose     <https://github.com/npm/npm/issues>
59 warn goindome@1.0.0 No repository field.
60 verbose If you need help, you may report this error at:
60 verbose     <https://github.com/npm/npm/issues>
61 verbose stack Error: EPERM: operation not permitted, unlink 'c:\XAMPP\htdocs\goindome\node_modules\bulma\sass'
61 verbose stack     at Error (native)
62 verbose cwd c:\XAMPP\htdocs\goindome
63 error Windows_NT 10.0.15063
64 error argv "C:\\Program Files\\nodejs\\node.exe" "C:\\Program Files\\nodejs\\node_modules\\npm\\bin\\npm-cli.js" "uninstall" "bulma"
65 error node v6.9.1
66 error npm  v3.10.8
67 error path c:\XAMPP\htdocs\goindome\node_modules\bulma\sass
68 error code EPERM
69 error errno -4048
70 error syscall unlink
71 error Error: EPERM: operation not permitted, unlink 'c:\XAMPP\htdocs\goindome\node_modules\bulma\sass'
71 error     at Error (native)
71 error  { Error: EPERM: operation not permitted, unlink 'c:\XAMPP\htdocs\goindome\node_modules\bulma\sass'
71 error     at Error (native)
71 error   errno: -4048,
71 error   code: 'EPERM',
71 error   syscall: 'unlink',
71 error   path: 'c:\\XAMPP\\htdocs\\goindome\\node_modules\\bulma\\sass',
71 error   parent: 'goindome' }
72 error Please try running this command again as root/Administrator.
73 verbose exit [ -4048, true ]
